android/app/build/intermediates/manifest_merge_blame_file/debug/manifest-merger-blame-debug-report.txt
1<?xml version="1.0" encoding="utf-8"?>
2<manifest xmlns:android="http://schemas.android.com/apk/res/android"
3    package="com.emoticup"
4    android:versionCode="1"
5    android:versionName="1.0" >
6
7    <uses-sdk
8        android:minSdkVersion="21"
9        android:targetSdkVersion="29" />
10
11    <uses-permission android:name="android.permission.SYSTEM_ALERT_WINDOW" />
11-->src/debug/AndroidManifest.xml:5:5-77
11-->src/debug/AndroidManifest.xml:5:22-75
12    <uses-permission android:name="android.permission.INTERNET" />
12-->src/main/AndroidManifest.xml:4:5-67
12-->src/main/AndroidManifest.xml:4:22-64
13    <uses-permission android:name="android.permission.CAMERA" />
13-->src/main/AndroidManifest.xml:5:5-65
13-->src/main/AndroidManifest.xml:5:22-62
14    <uses-permission android:name="android.permission.VIBRATE" />
14-->src/main/AndroidManifest.xml:6:5-66
14-->src/main/AndroidManifest.xml:6:22-63
15    <uses-permission android:name="android.permission.ACCESS_WIFI_STATE" />
15-->[com.facebook.flipper:flipper:0.37.0] AndroidManifest.xml:16:5-76
15-->[com.facebook.flipper:flipper:0.37.0] AndroidManifest.xml:16:22-73
16    <uses-permission android:name="android.permission.WAKE_LOCK" />
16-->[:react-native-background-timer] AndroidManifest.xml:11:5-68
16-->[:react-native-background-timer] AndroidManifest.xml:11:22-65
17
18    <uses-feature
18-->[:react-native-camera] AndroidManifest.xml:11:5-13:36
19        android:name="android.hardware.camera"
19-->[:react-native-camera] AndroidManifest.xml:12:9-47
20        android:required="false" />
20-->[:react-native-camera] AndroidManifest.xml:13:9-33
21    <uses-feature
21-->[:react-native-camera] AndroidManifest.xml:14:5-16:36
22        android:name="android.hardware.camera.autofocus"
22-->[:react-native-camera] AndroidManifest.xml:15:9-57
23        android:required="false" />
23-->[:react-native-camera] AndroidManifest.xml:16:9-33
24
25    <uses-permission android:name="android.permission.CHANGE_WIFI_STATE" />
25-->[:react-native-wifi-reborn] AndroidManifest.xml:12:5-76
25-->[:react-native-wifi-reborn] AndroidManifest.xml:12:22-73
26    <uses-permission android:name="android.permission.CHANGE_NETWORK_STATE" />
26-->[:react-native-wifi-reborn] AndroidManifest.xml:14:5-79
26-->[:react-native-wifi-reborn] AndroidManifest.xml:14:22-76
27    <uses-permission android:name="android.permission.ACCESS_NETWORK_STATE" />
27-->[:react-native-wifi-reborn] AndroidManifest.xml:15:5-79
27-->[:react-native-wifi-reborn] AndroidManifest.xml:15:22-76
28    <uses-permission android:name="android.permission.ACCESS_FINE_LOCATION" />
28-->[com.thanosfisherman.wifiutils:wifiutils:1.6.1] AndroidManifest.xml:11:5-79
28-->[com.thanosfisherman.wifiutils:wifiutils:1.6.1] AndroidManifest.xml:11:22-76
29
30    <application
30-->src/main/AndroidManifest.xml:7:5-27:19
31        android:name="com.emoticup.MainApplication"
31-->src/main/AndroidManifest.xml:8:7-38
32        android:allowBackup="false"
32-->src/main/AndroidManifest.xml:12:7-34
33        android:appComponentFactory="androidx.core.app.CoreComponentFactory"
33-->[androidx.core:core:1.1.0] AndroidManifest.xml:24:18-86
34        android:debuggable="true"
35        android:icon="@mipmap/ic_launcher"
35-->src/main/AndroidManifest.xml:10:7-41
36        android:label="@string/app_name"
36-->src/main/AndroidManifest.xml:9:7-39
37        android:roundIcon="@mipmap/ic_launcher_round"
37-->src/main/AndroidManifest.xml:11:7-52
38        android:theme="@style/AppTheme"
38-->src/main/AndroidManifest.xml:13:7-38
39        android:usesCleartextTraffic="true" >
39-->src/debug/AndroidManifest.xml:7:18-53
40        <activity
40-->src/main/AndroidManifest.xml:14:7-25:18
41            android:name="com.emoticup.MainActivity"
41-->src/main/AndroidManifest.xml:15:9-37
42            android:configChanges="keyboard|keyboardHidden|orientation|screenSize|uiMode"
42-->src/main/AndroidManifest.xml:17:9-86
43            android:label="@string/app_name"
43-->src/main/AndroidManifest.xml:16:9-41
44            android:launchMode="singleTask"
44-->src/main/AndroidManifest.xml:18:9-40
45            android:windowSoftInputMode="adjustResize" >
45-->src/main/AndroidManifest.xml:19:9-51
46            <intent-filter>
46-->src/main/AndroidManifest.xml:20:9-24:25
47                <action android:name="android.intent.action.MAIN" />
47-->src/main/AndroidManifest.xml:21:13-65
47-->src/main/AndroidManifest.xml:21:21-62
48
49                <category android:name="android.intent.category.LAUNCHER" />
49-->src/main/AndroidManifest.xml:22:13-73
49-->src/main/AndroidManifest.xml:22:23-70
50                <category android:name="android.intent.category.DEFAULT" />
50-->src/main/AndroidManifest.xml:23:13-71
50-->src/main/AndroidManifest.xml:23:23-69
51            </intent-filter>
52        </activity>
53        <activity android:name="com.facebook.react.devsupport.DevSettingsActivity" />
53-->src/main/AndroidManifest.xml:26:7-84
53-->src/main/AndroidManifest.xml:26:17-81
54        <activity
54-->[com.google.android.gms:play-services-base:16.0.1] AndroidManifest.xml:23:9-26:75
55            android:name="com.google.android.gms.common.api.GoogleApiActivity"
55-->[com.google.android.gms:play-services-base:16.0.1] AndroidManifest.xml:24:13-79
56            android:exported="false"
56-->[com.google.android.gms:play-services-base:16.0.1] AndroidManifest.xml:25:13-37
57            android:theme="@android:style/Theme.Translucent.NoTitleBar" />
57-->[com.google.android.gms:play-services-base:16.0.1] AndroidManifest.xml:26:13-72
58
59        <meta-data
59-->[com.google.android.gms:play-services-basement:16.1.0] AndroidManifest.xml:23:9-25:69
60            android:name="com.google.android.gms.version"
60-->[com.google.android.gms:play-services-basement:16.1.0] AndroidManifest.xml:24:13-58
61            android:value="@integer/google_play_services_version" />
61-->[com.google.android.gms:play-services-basement:16.1.0] AndroidManifest.xml:25:13-66
62    </application>
63
64</manifest>